<?xml version="1.0" encoding="UTF-8"?>
<testng-results skipped="0" failed="0" ignored="0" total="2" passed="2">
  <reporter-output>
  </reporter-output>
  <suite name="Default suite" duration-ms="2085" started-at="2022-08-23T17:58:51Z" finished-at="2022-08-23T17:58:53Z">
    <groups>
    </groups>
    <test name="Default test" duration-ms="2085" started-at="2022-08-23T17:58:51Z" finished-at="2022-08-23T17:58:53Z">
      <class name="testCases.UpdateOneProduct">
        <test-method status="PASS" signature="updateOneProduct()[pri:1, instance:testCases.UpdateOneProduct@2890c451]" name="updateOneProduct" duration-ms="1654" started-at="2022-08-23T17:58:51Z" finished-at="2022-08-23T17:58:52Z">
          <reporter-output>
          </reporter-output>
        </test-method> <!-- updateOneProduct -->
        <test-method status="PASS" signature="validateProductUpdateDetails()[pri:2, instance:testCases.UpdateOneProduct@2890c451]" name="validateProductUpdateDetails" duration-ms="417" started-at="2022-08-23T17:58:52Z" finished-at="2022-08-23T17:58:53Z">
          <reporter-output>
          </reporter-output>
        </test-method> <!-- validateProductUpdateDetails -->
      </class> <!-- testCases.UpdateOneProduct -->
    </test> <!-- Default test -->
  </suite> <!-- Default suite -->
</testng-results>
